Unknown:
C:\Users\kemal\OneDrive\Masaüstü\CST WORK\dipole\Result\CombineResults.log
C:\Users\kemal\OneDrive\Masaüstü\CST WORK\dipole\Result\e-field_m3d.coe
C:\Users\kemal\OneDrive\Masaüstü\CST WORK\dipole\Result\farfield (f=2.4)1D_1[1,0]+2[1,0]+3[1,0]+4[1,0]+5[1,0]+6[1,0]+7[1,0]+8[1,0]+9[1,0]+10[1,0]+11[1,0].ffp
C:\Users\kemal\OneDrive\Masaüstü\CST WORK\dipole\Result\farfield (f=2.4)2D_1.ffp
C:\Users\kemal\OneDrive\Masaüstü\CST WORK\dipole\Result\farfield (f=2.4)2D_10.ffp
C:\Users\kemal\OneDrive\Masaüstü\CST WORK\dipole\Result\farfield (f=2.4)2D_11.ffp
C:\Users\kemal\OneDrive\Masaüstü\CST WORK\dipole\Result\farfield (f=2.4)2D_1[1,0]+2[1,0]+3[1,0]+4[1,0]+5[1,0]+6[1,0]+7[1,0]+8[1,0]+9[1,0]+10[1,0]+11[1,0].ffp
C:\Users\kemal\OneDrive\Masaüstü\CST WORK\dipole\Result\farfield (f=2.4)2D_2.ffp
C:\Users\kemal\OneDrive\Masaüstü\CST WORK\dipole\Result\farfield (f=2.4)2D_3.ffp
C:\Users\kemal\OneDrive\Masaüstü\CST WORK\dipole\Result\farfield (f=2.4)2D_4.ffp
C:\Users\kemal\OneDrive\Masaüstü\CST WORK\dipole\Result\farfield (f=2.4)2D_5.ffp
C:\Users\kemal\OneDrive\Masaüstü\CST WORK\dipole\Result\farfield (f=2.4)2D_6.ffp
C:\Users\kemal\OneDrive\Masaüstü\CST WORK\dipole\Result\farfield (f=2.4)2D_7.ffp
C:\Users\kemal\OneDrive\Masaüstü\CST WORK\dipole\Result\farfield (f=2.4)2D_8.ffp
C:\Users\kemal\OneDrive\Masaüstü\CST WORK\dipole\Result\farfield (f=2.4)2D_9.ffp
C:\Users\kemal\OneDrive\Masaüstü\CST WORK\dipole\Result\farfield (f=2.4)_1.fme
C:\Users\kemal\OneDrive\Masaüstü\CST WORK\dipole\Result\farfield (f=2.4)_10.fme
C:\Users\kemal\OneDrive\Masaüstü\CST WORK\dipole\Result\farfield (f=2.4)_11.fme
C:\Users\kemal\OneDrive\Masaüstü\CST WORK\dipole\Result\farfield (f=2.4)_1[1,0]+2[1,0]+3[1,0]+4[1,0]+5[1,0]+6[1,0]+7[1,0]+8[1,0]+9[1,0]+10[1,0]+11[1,0].fme
C:\Users\kemal\OneDrive\Masaüstü\CST WORK\dipole\Result\farfield (f=2.4)_2.fme
C:\Users\kemal\OneDrive\Masaüstü\CST WORK\dipole\Result\farfield (f=2.4)_3.fme
C:\Users\kemal\OneDrive\Masaüstü\CST WORK\dipole\Result\farfield (f=2.4)_4.fme
C:\Users\kemal\OneDrive\Masaüstü\CST WORK\dipole\Result\farfield (f=2.4)_5.fme
C:\Users\kemal\OneDrive\Masaüstü\CST WORK\dipole\Result\farfield (f=2.4)_6.fme
C:\Users\kemal\OneDrive\Masaüstü\CST WORK\dipole\Result\farfield (f=2.4)_7.fme
C:\Users\kemal\OneDrive\Masaüstü\CST WORK\dipole\Result\farfield (f=2.4)_8.fme
C:\Users\kemal\OneDrive\Masaüstü\CST WORK\dipole\Result\farfield (f=2.4)_9.fme
C:\Users\kemal\OneDrive\Masaüstü\CST WORK\dipole\Result\ff_2d_plot_cache.dat
C:\Users\kemal\OneDrive\Masaüstü\CST WORK\dipole\Result\hardware_resources.sconf
C:\Users\kemal\OneDrive\Masaüstü\CST WORK\dipole\Result\Hex.gap
C:\Users\kemal\OneDrive\Masaüstü\CST WORK\dipole\Result\MCalc.ddi
C:\Users\kemal\OneDrive\Masaüstü\CST WORK\dipole\Result\MCalc.log
C:\Users\kemal\OneDrive\Masaüstü\CST WORK\dipole\Result\ml_info.log
C:\Users\kemal\OneDrive\Masaüstü\CST WORK\dipole\Result\Model.axg
C:\Users\kemal\OneDrive\Masaüstü\CST WORK\dipole\Result\Model.ddi
C:\Users\kemal\OneDrive\Masaüstü\CST WORK\dipole\Result\Model.log
C:\Users\kemal\OneDrive\Masaüstü\CST WORK\dipole\Result\Model.sa
C:\Users\kemal\OneDrive\Masaüstü\CST WORK\dipole\Result\Model.sam
C:\Users\kemal\OneDrive\Masaüstü\CST WORK\dipole\Result\ModelPBA.axg
C:\Users\kemal\OneDrive\Masaüstü\CST WORK\dipole\Result\m^fifx.dsc
C:\Users\kemal\OneDrive\Masaüstü\CST WORK\dipole\Result\m^fqq.dsc
C:\Users\kemal\OneDrive\Masaüstü\CST WORK\dipole\Result\Ports.web
C:\Users\kemal\OneDrive\Masaüstü\CST WORK\dipole\Result\PP-MCalc.log
C:\Users\kemal\OneDrive\Masaüstü\CST WORK\dipole\Result\PP-Prio.log
C:\Users\kemal\OneDrive\Masaüstü\CST WORK\dipole\Result\p^a.dsc
C:\Users\kemal\OneDrive\Masaüstü\CST WORK\dipole\Result\P^m^fbqq.slog
C:\Users\kemal\OneDrive\Masaüstü\CST WORK\dipole\Result\P^m^fqq.slog
C:\Users\kemal\OneDrive\Masaüstü\CST WORK\dipole\Result\P^p^m.slog
C:\Users\kemal\OneDrive\Masaüstü\CST WORK\dipole\Result\P^s^pm.slog
C:\Users\kemal\OneDrive\Masaüstü\CST WORK\dipole\Result\WEP.log
Mesh:
C:\Users\kemal\OneDrive\Masaüstü\CST WORK\dipole\Result\dA.mat
C:\Users\kemal\OneDrive\Masaüstü\CST WORK\dipole\Result\dad.mat
C:\Users\kemal\OneDrive\Masaüstü\CST WORK\dipole\Result\ds.mat
C:\Users\kemal\OneDrive\Masaüstü\CST WORK\dipole\Result\dsd.mat
C:\Users\kemal\OneDrive\Masaüstü\CST WORK\dipole\Result\dsMCalc.mat
C:\Users\kemal\OneDrive\Masaüstü\CST WORK\dipole\Result\Eps.mat
C:\Users\kemal\OneDrive\Masaüstü\CST WORK\dipole\Result\HexMatrix.m2h
C:\Users\kemal\OneDrive\Masaüstü\CST WORK\dipole\Result\HexMatrix_MCalc.m2h
C:\Users\kemal\OneDrive\Masaüstü\CST WORK\dipole\Result\MCalc.fmp
C:\Users\kemal\OneDrive\Masaüstü\CST WORK\dipole\Result\MCalc.xcfd
C:\Users\kemal\OneDrive\Masaüstü\CST WORK\dipole\Result\MCalcCCS_c.mson
C:\Users\kemal\OneDrive\Masaüstü\CST WORK\dipole\Result\Meta.m2h
C:\Users\kemal\OneDrive\Masaüstü\CST WORK\dipole\Result\Meta.mat
C:\Users\kemal\OneDrive\Masaüstü\CST WORK\dipole\Result\Model-fmf.msqlite
C:\Users\kemal\OneDrive\Masaüstü\CST WORK\dipole\Result\Model.cct
C:\Users\kemal\OneDrive\Masaüstü\CST WORK\dipole\Result\Model.fmf
C:\Users\kemal\OneDrive\Masaüstü\CST WORK\dipole\Result\Model.fmm
C:\Users\kemal\OneDrive\Masaüstü\CST WORK\dipole\Result\Model.fpc
C:\Users\kemal\OneDrive\Masaüstü\CST WORK\dipole\Result\Model.fwf
C:\Users\kemal\OneDrive\Masaüstü\CST WORK\dipole\Result\Model.sid
C:\Users\kemal\OneDrive\Masaüstü\CST WORK\dipole\Result\Model.spi
C:\Users\kemal\OneDrive\Masaüstü\CST WORK\dipole\Result\Model.xcfd
C:\Users\kemal\OneDrive\Masaüstü\CST WORK\dipole\Result\Mue.mat
C:\Users\kemal\OneDrive\Masaüstü\CST WORK\dipole\Result\m^fqq.mem
C:\Users\kemal\OneDrive\Masaüstü\CST WORK\dipole\Result\PEC.mat
C:\Users\kemal\OneDrive\Masaüstü\CST WORK\dipole\Result\Ports.fpt
C:\Users\kemal\OneDrive\Masaüstü\CST WORK\dipole\Result\p^a.mem
C:\Users\kemal\OneDrive\Masaüstü\CST WORK\dipole\Result\p^m.mem
C:\Users\kemal\OneDrive\Masaüstü\CST WORK\dipole\Result\Realized Gain Beam ID Map FFEnvelope_Result_3D.slim
C:\Users\kemal\OneDrive\Masaüstü\CST WORK\dipole\Result\Realized Gain Map FFEnvelope_Result_3D.slim
C:\Users\kemal\OneDrive\Masaüstü\CST WORK\dipole\Result\S2HMatrix.m2h
C:\Users\kemal\OneDrive\Masaüstü\CST WORK\dipole\Result\Shapes.con
C:\Users\kemal\OneDrive\Masaüstü\CST WORK\dipole\Result\s^pm.mem
Port:
C:\Users\kemal\OneDrive\Masaüstü\CST WORK\dipole\Result\Model.pmi
